  CVector3.cpp
e:\sourcecode\graphicsengine\learn\cvector3.cpp(216): warning C4305: “初始化”: 从“double”到“float”截断
e:\sourcecode\graphicsengine\learn\cvector3.cpp(293): warning C4477: “fscanf_s”: 格式字符串“%f”需要类型“float *”的参数，但可变参数 1 拥有了类型“const float *”
e:\sourcecode\graphicsengine\learn\cvector3.cpp(293): warning C4477: “fscanf_s”: 格式字符串“%f”需要类型“float *”的参数，但可变参数 2 拥有了类型“const float *”
e:\sourcecode\graphicsengine\learn\cvector3.cpp(293): warning C4477: “fscanf_s”: 格式字符串“%f”需要类型“float *”的参数，但可变参数 3 拥有了类型“const float *”
e:\sourcecode\graphicsengine\learn\cvector3.cpp(293): warning C4477: “fscanf_s”: 格式字符串“%f”需要类型“float *”的参数，但可变参数 4 拥有了类型“const float *”
e:\sourcecode\graphicsengine\learn\cvector3.cpp(293): warning C4477: “fscanf_s”: 格式字符串“%f”需要类型“float *”的参数，但可变参数 5 拥有了类型“const float *”
e:\sourcecode\graphicsengine\learn\cvector3.cpp(293): warning C4477: “fscanf_s”: 格式字符串“%f”需要类型“float *”的参数，但可变参数 6 拥有了类型“const float *”
e:\sourcecode\graphicsengine\learn\cvector3.cpp(293): warning C4477: “fscanf_s”: 格式字符串“%f”需要类型“float *”的参数，但可变参数 7 拥有了类型“const float *”
e:\sourcecode\graphicsengine\learn\cvector3.cpp(293): warning C4477: “fscanf_s”: 格式字符串“%f”需要类型“float *”的参数，但可变参数 8 拥有了类型“const float *”
e:\sourcecode\graphicsengine\learn\cvector3.cpp(293): warning C4477: “fscanf_s”: 格式字符串“%f”需要类型“float *”的参数，但可变参数 9 拥有了类型“const float *”
e:\sourcecode\graphicsengine\learn\cvector3.cpp(293): warning C4477: “fscanf_s”: 格式字符串“%f”需要类型“float *”的参数，但可变参数 10 拥有了类型“const float *”
e:\sourcecode\graphicsengine\learn\cvector3.cpp(293): warning C4477: “fscanf_s”: 格式字符串“%f”需要类型“float *”的参数，但可变参数 11 拥有了类型“const float *”
e:\sourcecode\graphicsengine\learn\cvector3.cpp(293): warning C4477: “fscanf_s”: 格式字符串“%f”需要类型“float *”的参数，但可变参数 12 拥有了类型“const float *”
e:\sourcecode\graphicsengine\learn\cvector3.cpp(293): warning C4477: “fscanf_s”: 格式字符串“%f”需要类型“float *”的参数，但可变参数 13 拥有了类型“const float *”
e:\sourcecode\graphicsengine\learn\cvector3.cpp(293): warning C4477: “fscanf_s”: 格式字符串“%f”需要类型“float *”的参数，但可变参数 14 拥有了类型“const float *”
e:\sourcecode\graphicsengine\learn\cvector3.cpp(293): warning C4477: “fscanf_s”: 格式字符串“%f”需要类型“float *”的参数，但可变参数 15 拥有了类型“const float *”
e:\sourcecode\graphicsengine\learn\cvector3.cpp(293): warning C4477: “fscanf_s”: 格式字符串“%f”需要类型“float *”的参数，但可变参数 16 拥有了类型“const float *”
e:\sourcecode\graphicsengine\learn\cvector3.cpp(296): warning C4477: “fscanf_s”: 格式字符串“%f”需要类型“float *”的参数，但可变参数 1 拥有了类型“const float *”
e:\sourcecode\graphicsengine\learn\cvector3.cpp(296): warning C4477: “fscanf_s”: 格式字符串“%f”需要类型“float *”的参数，但可变参数 2 拥有了类型“const float *”
e:\sourcecode\graphicsengine\learn\cvector3.cpp(296): warning C4477: “fscanf_s”: 格式字符串“%f”需要类型“float *”的参数，但可变参数 3 拥有了类型“const float *”
e:\sourcecode\graphicsengine\learn\cvector3.cpp(296): warning C4477: “fscanf_s”: 格式字符串“%f”需要类型“float *”的参数，但可变参数 4 拥有了类型“const float *”
e:\sourcecode\graphicsengine\learn\cvector3.cpp(296): warning C4477: “fscanf_s”: 格式字符串“%f”需要类型“float *”的参数，但可变参数 5 拥有了类型“const float *”
e:\sourcecode\graphicsengine\learn\cvector3.cpp(296): warning C4477: “fscanf_s”: 格式字符串“%f”需要类型“float *”的参数，但可变参数 6 拥有了类型“const float *”
e:\sourcecode\graphicsengine\learn\cvector3.cpp(296): warning C4477: “fscanf_s”: 格式字符串“%f”需要类型“float *”的参数，但可变参数 7 拥有了类型“const float *”
e:\sourcecode\graphicsengine\learn\cvector3.cpp(296): warning C4477: “fscanf_s”: 格式字符串“%f”需要类型“float *”的参数，但可变参数 8 拥有了类型“const float *”
e:\sourcecode\graphicsengine\learn\cvector3.cpp(296): warning C4477: “fscanf_s”: 格式字符串“%f”需要类型“float *”的参数，但可变参数 9 拥有了类型“const float *”
e:\sourcecode\graphicsengine\learn\cvector3.cpp(296): warning C4477: “fscanf_s”: 格式字符串“%f”需要类型“float *”的参数，但可变参数 10 拥有了类型“const float *”
e:\sourcecode\graphicsengine\learn\cvector3.cpp(296): warning C4477: “fscanf_s”: 格式字符串“%f”需要类型“float *”的参数，但可变参数 11 拥有了类型“const float *”
e:\sourcecode\graphicsengine\learn\cvector3.cpp(296): warning C4477: “fscanf_s”: 格式字符串“%f”需要类型“float *”的参数，但可变参数 12 拥有了类型“const float *”
e:\sourcecode\graphicsengine\learn\cvector3.cpp(296): warning C4477: “fscanf_s”: 格式字符串“%f”需要类型“float *”的参数，但可变参数 13 拥有了类型“const float *”
e:\sourcecode\graphicsengine\learn\cvector3.cpp(296): warning C4477: “fscanf_s”: 格式字符串“%f”需要类型“float *”的参数，但可变参数 14 拥有了类型“const float *”
e:\sourcecode\graphicsengine\learn\cvector3.cpp(296): warning C4477: “fscanf_s”: 格式字符串“%f”需要类型“float *”的参数，但可变参数 15 拥有了类型“const float *”
e:\sourcecode\graphicsengine\learn\cvector3.cpp(296): warning C4477: “fscanf_s”: 格式字符串“%f”需要类型“float *”的参数，但可变参数 16 拥有了类型“const float *”
e:\sourcecode\graphicsengine\learn\cvector3.cpp(310): warning C4477: “fscanf_s”: 格式字符串“%f”需要类型“float *”的参数，但可变参数 1 拥有了类型“const float *”
e:\sourcecode\graphicsengine\learn\cvector3.cpp(310): warning C4477: “fscanf_s”: 格式字符串“%f”需要类型“float *”的参数，但可变参数 2 拥有了类型“const float *”
e:\sourcecode\graphicsengine\learn\cvector3.cpp(310): warning C4477: “fscanf_s”: 格式字符串“%f”需要类型“float *”的参数，但可变参数 3 拥有了类型“const float *”
e:\sourcecode\graphicsengine\learn\cvector3.cpp(310): warning C4477: “fscanf_s”: 格式字符串“%f”需要类型“float *”的参数，但可变参数 4 拥有了类型“const float *”
e:\sourcecode\graphicsengine\learn\cvector3.cpp(310): warning C4477: “fscanf_s”: 格式字符串“%f”需要类型“float *”的参数，但可变参数 5 拥有了类型“const float *”
e:\sourcecode\graphicsengine\learn\cvector3.cpp(310): warning C4477: “fscanf_s”: 格式字符串“%f”需要类型“float *”的参数，但可变参数 6 拥有了类型“const float *”
e:\sourcecode\graphicsengine\learn\cvector3.cpp(310): warning C4477: “fscanf_s”: 格式字符串“%f”需要类型“float *”的参数，但可变参数 7 拥有了类型“const float *”
e:\sourcecode\graphicsengine\learn\cvector3.cpp(310): warning C4477: “fscanf_s”: 格式字符串“%f”需要类型“float *”的参数，但可变参数 8 拥有了类型“const float *”
e:\sourcecode\graphicsengine\learn\cvector3.cpp(310): warning C4477: “fscanf_s”: 格式字符串“%f”需要类型“float *”的参数，但可变参数 9 拥有了类型“const float *”
e:\sourcecode\graphicsengine\learn\cvector3.cpp(310): warning C4477: “fscanf_s”: 格式字符串“%f”需要类型“float *”的参数，但可变参数 10 拥有了类型“const float *”
e:\sourcecode\graphicsengine\learn\cvector3.cpp(310): warning C4477: “fscanf_s”: 格式字符串“%f”需要类型“float *”的参数，但可变参数 11 拥有了类型“const float *”
e:\sourcecode\graphicsengine\learn\cvector3.cpp(310): warning C4477: “fscanf_s”: 格式字符串“%f”需要类型“float *”的参数，但可变参数 12 拥有了类型“const float *”
e:\sourcecode\graphicsengine\learn\cvector3.cpp(310): warning C4477: “fscanf_s”: 格式字符串“%f”需要类型“float *”的参数，但可变参数 13 拥有了类型“const float *”
e:\sourcecode\graphicsengine\learn\cvector3.cpp(310): warning C4477: “fscanf_s”: 格式字符串“%f”需要类型“float *”的参数，但可变参数 14 拥有了类型“const float *”
e:\sourcecode\graphicsengine\learn\cvector3.cpp(310): warning C4477: “fscanf_s”: 格式字符串“%f”需要类型“float *”的参数，但可变参数 15 拥有了类型“const float *”
e:\sourcecode\graphicsengine\learn\cvector3.cpp(310): warning C4477: “fscanf_s”: 格式字符串“%f”需要类型“float *”的参数，但可变参数 16 拥有了类型“const float *”
e:\sourcecode\graphicsengine\learn\cvector3.cpp(323): warning C4477: “fscanf_s”: 格式字符串“%f”需要类型“float *”的参数，但可变参数 1 拥有了类型“const float *”
e:\sourcecode\graphicsengine\learn\cvector3.cpp(323): warning C4477: “fscanf_s”: 格式字符串“%f”需要类型“float *”的参数，但可变参数 2 拥有了类型“const float *”
e:\sourcecode\graphicsengine\learn\cvector3.cpp(323): warning C4477: “fscanf_s”: 格式字符串“%f”需要类型“float *”的参数，但可变参数 3 拥有了类型“const float *”
e:\sourcecode\graphicsengine\learn\cvector3.cpp(323): warning C4477: “fscanf_s”: 格式字符串“%f”需要类型“float *”的参数，但可变参数 4 拥有了类型“const float *”
e:\sourcecode\graphicsengine\learn\cvector3.cpp(323): warning C4477: “fscanf_s”: 格式字符串“%f”需要类型“float *”的参数，但可变参数 5 拥有了类型“const float *”
e:\sourcecode\graphicsengine\learn\cvector3.cpp(323): warning C4477: “fscanf_s”: 格式字符串“%f”需要类型“float *”的参数，但可变参数 6 拥有了类型“const float *”
e:\sourcecode\graphicsengine\learn\cvector3.cpp(323): warning C4477: “fscanf_s”: 格式字符串“%f”需要类型“float *”的参数，但可变参数 7 拥有了类型“const float *”
e:\sourcecode\graphicsengine\learn\cvector3.cpp(323): warning C4477: “fscanf_s”: 格式字符串“%f”需要类型“float *”的参数，但可变参数 8 拥有了类型“const float *”
e:\sourcecode\graphicsengine\learn\cvector3.cpp(323): warning C4477: “fscanf_s”: 格式字符串“%f”需要类型“float *”的参数，但可变参数 9 拥有了类型“const float *”
e:\sourcecode\graphicsengine\learn\cvector3.cpp(323): warning C4477: “fscanf_s”: 格式字符串“%f”需要类型“float *”的参数，但可变参数 10 拥有了类型“const float *”
e:\sourcecode\graphicsengine\learn\cvector3.cpp(323): warning C4477: “fscanf_s”: 格式字符串“%f”需要类型“float *”的参数，但可变参数 11 拥有了类型“const float *”
e:\sourcecode\graphicsengine\learn\cvector3.cpp(323): warning C4477: “fscanf_s”: 格式字符串“%f”需要类型“float *”的参数，但可变参数 12 拥有了类型“const float *”
e:\sourcecode\graphicsengine\learn\cvector3.cpp(323): warning C4477: “fscanf_s”: 格式字符串“%f”需要类型“float *”的参数，但可变参数 13 拥有了类型“const float *”
e:\sourcecode\graphicsengine\learn\cvector3.cpp(323): warning C4477: “fscanf_s”: 格式字符串“%f”需要类型“float *”的参数，但可变参数 14 拥有了类型“const float *”
e:\sourcecode\graphicsengine\learn\cvector3.cpp(323): warning C4477: “fscanf_s”: 格式字符串“%f”需要类型“float *”的参数，但可变参数 15 拥有了类型“const float *”
e:\sourcecode\graphicsengine\learn\cvector3.cpp(323): warning C4477: “fscanf_s”: 格式字符串“%f”需要类型“float *”的参数，但可变参数 16 拥有了类型“const float *”
e:\sourcecode\graphicsengine\learn\cvector3.cpp(362): warning C4477: “fscanf_s”: 格式字符串“%f”需要类型“float *”的参数，但可变参数 1 拥有了类型“const float *”
e:\sourcecode\graphicsengine\learn\cvector3.cpp(362): warning C4477: “fscanf_s”: 格式字符串“%f”需要类型“float *”的参数，但可变参数 2 拥有了类型“const float *”
e:\sourcecode\graphicsengine\learn\cvector3.cpp(362): warning C4477: “fscanf_s”: 格式字符串“%f”需要类型“float *”的参数，但可变参数 3 拥有了类型“const float *”
e:\sourcecode\graphicsengine\learn\cvector3.cpp(362): warning C4477: “fscanf_s”: 格式字符串“%f”需要类型“float *”的参数，但可变参数 4 拥有了类型“const float *”
e:\sourcecode\graphicsengine\learn\cvector3.cpp(362): warning C4477: “fscanf_s”: 格式字符串“%f”需要类型“float *”的参数，但可变参数 5 拥有了类型“const float *”
e:\sourcecode\graphicsengine\learn\cvector3.cpp(362): warning C4477: “fscanf_s”: 格式字符串“%f”需要类型“float *”的参数，但可变参数 6 拥有了类型“const float *”
e:\sourcecode\graphicsengine\learn\cvector3.cpp(362): warning C4477: “fscanf_s”: 格式字符串“%f”需要类型“float *”的参数，但可变参数 7 拥有了类型“const float *”
e:\sourcecode\graphicsengine\learn\cvector3.cpp(362): warning C4477: “fscanf_s”: 格式字符串“%f”需要类型“float *”的参数，但可变参数 8 拥有了类型“const float *”
e:\sourcecode\graphicsengine\learn\cvector3.cpp(362): warning C4477: “fscanf_s”: 格式字符串“%f”需要类型“float *”的参数，但可变参数 9 拥有了类型“const float *”
e:\sourcecode\graphicsengine\learn\cvector3.cpp(362): warning C4477: “fscanf_s”: 格式字符串“%f”需要类型“float *”的参数，但可变参数 10 拥有了类型“const float *”
e:\sourcecode\graphicsengine\learn\cvector3.cpp(362): warning C4477: “fscanf_s”: 格式字符串“%f”需要类型“float *”的参数，但可变参数 11 拥有了类型“const float *”
e:\sourcecode\graphicsengine\learn\cvector3.cpp(362): warning C4477: “fscanf_s”: 格式字符串“%f”需要类型“float *”的参数，但可变参数 12 拥有了类型“const float *”
e:\sourcecode\graphicsengine\learn\cvector3.cpp(362): warning C4477: “fscanf_s”: 格式字符串“%f”需要类型“float *”的参数，但可变参数 13 拥有了类型“const float *”
e:\sourcecode\graphicsengine\learn\cvector3.cpp(362): warning C4477: “fscanf_s”: 格式字符串“%f”需要类型“float *”的参数，但可变参数 14 拥有了类型“const float *”
e:\sourcecode\graphicsengine\learn\cvector3.cpp(362): warning C4477: “fscanf_s”: 格式字符串“%f”需要类型“float *”的参数，但可变参数 15 拥有了类型“const float *”
e:\sourcecode\graphicsengine\learn\cvector3.cpp(362): warning C4477: “fscanf_s”: 格式字符串“%f”需要类型“float *”的参数，但可变参数 16 拥有了类型“const float *”
soil.lib(SOIL.obj) : warning LNK4099: 未找到 PDB“SOIL.pdb”(使用“soil.lib(SOIL.obj)”或在“E:\sourcecode\GraphicsEngine\run\SOIL.pdb”中寻找)；正在链接对象，如同没有调试信息一样
soil.lib(stb_image_aug.obj) : warning LNK4099: 未找到 PDB“SOIL.pdb”(使用“soil.lib(stb_image_aug.obj)”或在“E:\sourcecode\GraphicsEngine\run\SOIL.pdb”中寻找)；正在链接对象，如同没有调试信息一样
soil.lib(image_helper.obj) : warning LNK4099: 未找到 PDB“SOIL.pdb”(使用“soil.lib(image_helper.obj)”或在“E:\sourcecode\GraphicsEngine\run\SOIL.pdb”中寻找)；正在链接对象，如同没有调试信息一样
soil.lib(image_DXT.obj) : warning LNK4099: 未找到 PDB“SOIL.pdb”(使用“soil.lib(image_DXT.obj)”或在“E:\sourcecode\GraphicsEngine\run\SOIL.pdb”中寻找)；正在链接对象，如同没有调试信息一样
  Learn.vcxproj -> E:\sourcecode\GraphicsEngine\run\Learn.exe
  Learn.vcxproj -> E:\sourcecode\GraphicsEngine\run\Learn.pdb (Full PDB)
